mmap(NULL, 8192, PROT_READ|PROT_WRITE, MAP_PRIVATE|MAP_ANONYMOUS, -1, 0) = 0x7ffb5662a000
openat(AT_FDCWD, "/etc/ld.so.cache", O_RDONLY|O_CLOEXEC) = 3
mmap(NULL, 59767, PROT_READ, MAP_PRIVATE, 3, 0) = 0x7ffb5661b000
openat(AT_FDCWD, "/lib/x86_64-linux-gnu/libc.so.6", O_RDONLY|O_CLOEXEC) = 3
read(3, "\177ELF\2\1\1\3\0\0\0\0\0\0\0\0\3\0>\0\1\0\0\0P\237\2\0\0\0\0\0"..., 832) = 832
mmap(NULL, 2260560, PROT_READ, MAP_PRIVATE|MAP_DENYWRITE, 3, 0) = 0x7ffb56200000
mmap(0x7ffb56228000, 1658880, PROT_READ|PROT_EXEC, MAP_PRIVATE|MAP_FIXED|MAP_DENYWRITE, 3, 0x28000) = 0x7ffb56228000
mmap(0x7ffb563bd000, 360448, PROT_READ, MAP_PRIVATE|MAP_FIXED|MAP_DENYWRITE, 3, 0x1bd000) = 0x7ffb563bd000
mmap(0x7ffb56415000, 24576, PROT_READ|PROT_WRITE, MAP_PRIVATE|MAP_FIXED|MAP_DENYWRITE, 3, 0x214000) = 0x7ffb56415000
mmap(0x7ffb5641b000, 52816, PROT_READ|PROT_WRITE, MAP_PRIVATE|MAP_FIXED|MAP_ANONYMOUS, -1, 0) = 0x7ffb5641b000
mmap(NULL, 12288, PROT_READ|PROT_WRITE, MAP_PRIVATE|MAP_ANONYMOUS, -1, 0) = 0x7ffb56618000
openat(AT_FDCWD, "REQ_PIPE_70127", O_RDONLY) = 3
openat(AT_FDCWD, "RESP_PIPE_70127", O_WRONLY) = 4
read(3, "CREATE_SHM!\331@(\0", 251)     = 15
openat(AT_FDCWD, "/dev/shm/tLMIZD0", O_RDWR|O_CREAT|O_EXCL|O_NOFOLLOW|O_CLOEXEC, 0664) = 5
mmap(NULL, 2638041, PROT_READ|PROT_WRITE, MAP_SHARED, 5, 0) = 0x7ffb55f7b000
read(3, "MAP_FILE!test_root/qZU9oG8f7q.zH"..., 251) = 34
openat(AT_FDCWD, "/dev/shm/tLMIZD0", O_RDWR|O_CREAT|O_EXCL|O_NOFOLLOW|O_CLOEXEC, 0664) = -1 EEXIST (File exists)
read(3, "EXIT!", 251)                   = 5
+++ exited with 0 +++
